<?xml version="1.0" encoding="UTF-8"?>
<!-- Generated by org.testng.reporters.JUnitReportReporter -->
<testsuite hostname="DESKTOP-4CG5RPH" failures="0" tests="1" name="appium.Calculadora" time="3.109" errors="0" timestamp="1 Aug 2022 03:44:52 GMT">
  <testcase classname="appium.Calculadora" name="test" time="3.109"/>
</testsuite> <!-- appium.Calculadora -->
